CRITICAL - 2023-11-02 08:56:43 --> include(user/login.php): Failed to open stream: No such file or directory
in APPPATH\Views\Home\include\header.php on line 2.
 1 APPPATH\Views\Home\include\header.php(2): CodeIgniter\Debug\Exceptions->errorHandler(2, 'include(user/login.php): Failed to open stream: No such file or directory', 'C:\\laragon\\www\\E-BookMO\\app\\Views\\Home\\include\\header.php', 2)
 2 APPPATH\Views\Home\include\header.php(2): include()
 3 APPPATH\Views\Home\home.php(38): include('C:\\laragon\\www\\E-BookMO\\app\\Views\\Home\\include\\header.php')
 4 SYSTEMPATH\View\View.php(226): include('C:\\laragon\\www\\E-BookMO\\app\\Views\\Home\\home.php')
 5 SYSTEMPATH\View\View.php(229): CodeIgniter\View\View->CodeIgniter\View\{closure}()
 6 SYSTEMPATH\Common.php(1188): CodeIgniter\View\View->render('Home/home', [], true)
 7 APPPATH\Controllers\ViewController.php(11): view('Home/home')
 8 SYSTEMPATH\CodeIgniter.php(919): App\Controllers\ViewController->home()
 9 SYSTEMPATH\CodeIgniter.php(494): CodeIgniter\CodeIgniter->runController(Object(App\Controllers\ViewController))
10 SYSTEMPATH\CodeIgniter.php(353): CodeIgniter\CodeIgniter->handleRequest(null, Object(Config\Cache), false)
11 FCPATH\index.php(79): CodeIgniter\CodeIgniter->run()
12 SYSTEMPATH\Commands\Server\rewrite.php(47): require_once('C:\\laragon\\www\\E-BookMO\\public\\index.php')
CRITICAL - 2023-11-02 08:57:30 --> include(Views/user/login.php): Failed to open stream: No such file or directory
in APPPATH\Views\Home\include\header.php on line 2.
 1 APPPATH\Views\Home\include\header.php(2): CodeIgniter\Debug\Exceptions->errorHandler(2, 'include(Views/user/login.php): Failed to open stream: No such file or directory', 'C:\\laragon\\www\\E-BookMO\\app\\Views\\Home\\include\\header.php', 2)
 2 APPPATH\Views\Home\include\header.php(2): include()
 3 APPPATH\Views\Home\home.php(38): include('C:\\laragon\\www\\E-BookMO\\app\\Views\\Home\\include\\header.php')
 4 SYSTEMPATH\View\View.php(226): include('C:\\laragon\\www\\E-BookMO\\app\\Views\\Home\\home.php')
 5 SYSTEMPATH\View\View.php(229): CodeIgniter\View\View->CodeIgniter\View\{closure}()
 6 SYSTEMPATH\Common.php(1188): CodeIgniter\View\View->render('Home/home', [], true)
 7 APPPATH\Controllers\ViewController.php(11): view('Home/home')
 8 SYSTEMPATH\CodeIgniter.php(919): App\Controllers\ViewController->home()
 9 SYSTEMPATH\CodeIgniter.php(494): CodeIgniter\CodeIgniter->runController(Object(App\Controllers\ViewController))
10 SYSTEMPATH\CodeIgniter.php(353): CodeIgniter\CodeIgniter->handleRequest(null, Object(Config\Cache), false)
11 FCPATH\index.php(79): CodeIgniter\CodeIgniter->run()
12 SYSTEMPATH\Commands\Server\rewrite.php(47): require_once('C:\\laragon\\www\\E-BookMO\\public\\index.php')
CRITICAL - 2023-11-02 08:57:31 --> include(Views/user/login.php): Failed to open stream: No such file or directory
in APPPATH\Views\Home\include\header.php on line 2.
 1 APPPATH\Views\Home\include\header.php(2): CodeIgniter\Debug\Exceptions->errorHandler(2, 'include(Views/user/login.php): Failed to open stream: No such file or directory', 'C:\\laragon\\www\\E-BookMO\\app\\Views\\Home\\include\\header.php', 2)
 2 APPPATH\Views\Home\include\header.php(2): include()
 3 APPPATH\Views\Home\home.php(38): include('C:\\laragon\\www\\E-BookMO\\app\\Views\\Home\\include\\header.php')
 4 SYSTEMPATH\View\View.php(226): include('C:\\laragon\\www\\E-BookMO\\app\\Views\\Home\\home.php')
 5 SYSTEMPATH\View\View.php(229): CodeIgniter\View\View->CodeIgniter\View\{closure}()
 6 SYSTEMPATH\Common.php(1188): CodeIgniter\View\View->render('Home/home', [], true)
 7 APPPATH\Controllers\ViewController.php(11): view('Home/home')
 8 SYSTEMPATH\CodeIgniter.php(919): App\Controllers\ViewController->home()
 9 SYSTEMPATH\CodeIgniter.php(494): CodeIgniter\CodeIgniter->runController(Object(App\Controllers\ViewController))
10 SYSTEMPATH\CodeIgniter.php(353): CodeIgniter\CodeIgniter->handleRequest(null, Object(Config\Cache), false)
11 FCPATH\index.php(79): CodeIgniter\CodeIgniter->run()
12 SYSTEMPATH\Commands\Server\rewrite.php(47): require_once('C:\\laragon\\www\\E-BookMO\\public\\index.php')
CRITICAL - 2023-11-02 08:57:32 --> include(Views/user/login.php): Failed to open stream: No such file or directory
in APPPATH\Views\Home\include\header.php on line 2.
 1 APPPATH\Views\Home\include\header.php(2): CodeIgniter\Debug\Exceptions->errorHandler(2, 'include(Views/user/login.php): Failed to open stream: No such file or directory', 'C:\\laragon\\www\\E-BookMO\\app\\Views\\Home\\include\\header.php', 2)
 2 APPPATH\Views\Home\include\header.php(2): include()
 3 APPPATH\Views\Home\home.php(38): include('C:\\laragon\\www\\E-BookMO\\app\\Views\\Home\\include\\header.php')
 4 SYSTEMPATH\View\View.php(226): include('C:\\laragon\\www\\E-BookMO\\app\\Views\\Home\\home.php')
 5 SYSTEMPATH\View\View.php(229): CodeIgniter\View\View->CodeIgniter\View\{closure}()
 6 SYSTEMPATH\Common.php(1188): CodeIgniter\View\View->render('Home/home', [], true)
 7 APPPATH\Controllers\ViewController.php(11): view('Home/home')
 8 SYSTEMPATH\CodeIgniter.php(919): App\Controllers\ViewController->home()
 9 SYSTEMPATH\CodeIgniter.php(494): CodeIgniter\CodeIgniter->runController(Object(App\Controllers\ViewController))
10 SYSTEMPATH\CodeIgniter.php(353): CodeIgniter\CodeIgniter->handleRequest(null, Object(Config\Cache), false)
11 FCPATH\index.php(79): CodeIgniter\CodeIgniter->run()
12 SYSTEMPATH\Commands\Server\rewrite.php(47): require_once('C:\\laragon\\www\\E-BookMO\\public\\index.php')
CRITICAL - 2023-11-02 08:57:32 --> include(Views/user/login.php): Failed to open stream: No such file or directory
in APPPATH\Views\Home\include\header.php on line 2.
 1 APPPATH\Views\Home\include\header.php(2): CodeIgniter\Debug\Exceptions->errorHandler(2, 'include(Views/user/login.php): Failed to open stream: No such file or directory', 'C:\\laragon\\www\\E-BookMO\\app\\Views\\Home\\include\\header.php', 2)
 2 APPPATH\Views\Home\include\header.php(2): include()
 3 APPPATH\Views\Home\home.php(38): include('C:\\laragon\\www\\E-BookMO\\app\\Views\\Home\\include\\header.php')
 4 SYSTEMPATH\View\View.php(226): include('C:\\laragon\\www\\E-BookMO\\app\\Views\\Home\\home.php')
 5 SYSTEMPATH\View\View.php(229): CodeIgniter\View\View->CodeIgniter\View\{closure}()
 6 SYSTEMPATH\Common.php(1188): CodeIgniter\View\View->render('Home/home', [], true)
 7 APPPATH\Controllers\ViewController.php(11): view('Home/home')
 8 SYSTEMPATH\CodeIgniter.php(919): App\Controllers\ViewController->home()
 9 SYSTEMPATH\CodeIgniter.php(494): CodeIgniter\CodeIgniter->runController(Object(App\Controllers\ViewController))
10 SYSTEMPATH\CodeIgniter.php(353): CodeIgniter\CodeIgniter->handleRequest(null, Object(Config\Cache), false)
11 FCPATH\index.php(79): CodeIgniter\CodeIgniter->run()
12 SYSTEMPATH\Commands\Server\rewrite.php(47): require_once('C:\\laragon\\www\\E-BookMO\\public\\index.php')
CRITICAL - 2023-11-02 08:57:32 --> include(Views/user/login.php): Failed to open stream: No such file or directory
in APPPATH\Views\Home\include\header.php on line 2.
 1 APPPATH\Views\Home\include\header.php(2): CodeIgniter\Debug\Exceptions->errorHandler(2, 'include(Views/user/login.php): Failed to open stream: No such file or directory', 'C:\\laragon\\www\\E-BookMO\\app\\Views\\Home\\include\\header.php', 2)
 2 APPPATH\Views\Home\include\header.php(2): include()
 3 APPPATH\Views\Home\home.php(38): include('C:\\laragon\\www\\E-BookMO\\app\\Views\\Home\\include\\header.php')
 4 SYSTEMPATH\View\View.php(226): include('C:\\laragon\\www\\E-BookMO\\app\\Views\\Home\\home.php')
 5 SYSTEMPATH\View\View.php(229): CodeIgniter\View\View->CodeIgniter\View\{closure}()
 6 SYSTEMPATH\Common.php(1188): CodeIgniter\View\View->render('Home/home', [], true)
 7 APPPATH\Controllers\ViewController.php(11): view('Home/home')
 8 SYSTEMPATH\CodeIgniter.php(919): App\Controllers\ViewController->home()
 9 SYSTEMPATH\CodeIgniter.php(494): CodeIgniter\CodeIgniter->runController(Object(App\Controllers\ViewController))
10 SYSTEMPATH\CodeIgniter.php(353): CodeIgniter\CodeIgniter->handleRequest(null, Object(Config\Cache), false)
11 FCPATH\index.php(79): CodeIgniter\CodeIgniter->run()
12 SYSTEMPATH\Commands\Server\rewrite.php(47): require_once('C:\\laragon\\www\\E-BookMO\\public\\index.php')
CRITICAL - 2023-11-02 08:58:31 --> include(user/login.php): Failed to open stream: No such file or directory
in APPPATH\Views\Home\include\header.php on line 2.
 1 APPPATH\Views\Home\include\header.php(2): CodeIgniter\Debug\Exceptions->errorHandler(2, 'include(user/login.php): Failed to open stream: No such file or directory', 'C:\\laragon\\www\\E-BookMO\\app\\Views\\Home\\include\\header.php', 2)
 2 APPPATH\Views\Home\include\header.php(2): include()
 3 APPPATH\Views\Home\home.php(38): include('C:\\laragon\\www\\E-BookMO\\app\\Views\\Home\\include\\header.php')
 4 SYSTEMPATH\View\View.php(226): include('C:\\laragon\\www\\E-BookMO\\app\\Views\\Home\\home.php')
 5 SYSTEMPATH\View\View.php(229): CodeIgniter\View\View->CodeIgniter\View\{closure}()
 6 SYSTEMPATH\Common.php(1188): CodeIgniter\View\View->render('Home/home', [], true)
 7 APPPATH\Controllers\ViewController.php(11): view('Home/home')
 8 SYSTEMPATH\CodeIgniter.php(919): App\Controllers\ViewController->home()
 9 SYSTEMPATH\CodeIgniter.php(494): CodeIgniter\CodeIgniter->runController(Object(App\Controllers\ViewController))
10 SYSTEMPATH\CodeIgniter.php(353): CodeIgniter\CodeIgniter->handleRequest(null, Object(Config\Cache), false)
11 FCPATH\index.php(79): CodeIgniter\CodeIgniter->run()
12 SYSTEMPATH\Commands\Server\rewrite.php(47): require_once('C:\\laragon\\www\\E-BookMO\\public\\index.php')
CRITICAL - 2023-11-02 08:58:45 --> include(user/login.php): Failed to open stream: No such file or directory
in APPPATH\Views\Home\include\header.php on line 2.
 1 APPPATH\Views\Home\include\header.php(2): CodeIgniter\Debug\Exceptions->errorHandler(2, 'include(user/login.php): Failed to open stream: No such file or directory', 'C:\\laragon\\www\\E-BookMO\\app\\Views\\Home\\include\\header.php', 2)
 2 APPPATH\Views\Home\include\header.php(2): include()
 3 APPPATH\Views\Home\home.php(38): include('C:\\laragon\\www\\E-BookMO\\app\\Views\\Home\\include\\header.php')
 4 SYSTEMPATH\View\View.php(226): include('C:\\laragon\\www\\E-BookMO\\app\\Views\\Home\\home.php')
 5 SYSTEMPATH\View\View.php(229): CodeIgniter\View\View->CodeIgniter\View\{closure}()
 6 SYSTEMPATH\Common.php(1188): CodeIgniter\View\View->render('Home/home', [], true)
 7 APPPATH\Controllers\ViewController.php(11): view('Home/home')
 8 SYSTEMPATH\CodeIgniter.php(919): App\Controllers\ViewController->home()
 9 SYSTEMPATH\CodeIgniter.php(494): CodeIgniter\CodeIgniter->runController(Object(App\Controllers\ViewController))
10 SYSTEMPATH\CodeIgniter.php(353): CodeIgniter\CodeIgniter->handleRequest(null, Object(Config\Cache), false)
11 FCPATH\index.php(79): CodeIgniter\CodeIgniter->run()
12 SYSTEMPATH\Commands\Server\rewrite.php(47): require_once('C:\\laragon\\www\\E-BookMO\\public\\index.php')
CRITICAL - 2023-11-02 08:59:27 --> include(login.php): Failed to open stream: No such file or directory
in APPPATH\Views\Home\include\header.php on line 2.
 1 APPPATH\Views\Home\include\header.php(2): CodeIgniter\Debug\Exceptions->errorHandler(2, 'include(login.php): Failed to open stream: No such file or directory', 'C:\\laragon\\www\\E-BookMO\\app\\Views\\Home\\include\\header.php', 2)
 2 APPPATH\Views\Home\include\header.php(2): include()
 3 APPPATH\Views\Home\home.php(38): include('C:\\laragon\\www\\E-BookMO\\app\\Views\\Home\\include\\header.php')
 4 SYSTEMPATH\View\View.php(226): include('C:\\laragon\\www\\E-BookMO\\app\\Views\\Home\\home.php')
 5 SYSTEMPATH\View\View.php(229): CodeIgniter\View\View->CodeIgniter\View\{closure}()
 6 SYSTEMPATH\Common.php(1188): CodeIgniter\View\View->render('Home/home', [], true)
 7 APPPATH\Controllers\ViewController.php(11): view('Home/home')
 8 SYSTEMPATH\CodeIgniter.php(919): App\Controllers\ViewController->home()
 9 SYSTEMPATH\CodeIgniter.php(494): CodeIgniter\CodeIgniter->runController(Object(App\Controllers\ViewController))
10 SYSTEMPATH\CodeIgniter.php(353): CodeIgniter\CodeIgniter->handleRequest(null, Object(Config\Cache), false)
11 FCPATH\index.php(79): CodeIgniter\CodeIgniter->run()
12 SYSTEMPATH\Commands\Server\rewrite.php(47): require_once('C:\\laragon\\www\\E-BookMO\\public\\index.php')
CRITICAL - 2023-11-02 08:59:41 --> include(login.php): Failed to open stream: No such file or directory
in APPPATH\Views\Home\include\header.php on line 2.
 1 APPPATH\Views\Home\include\header.php(2): CodeIgniter\Debug\Exceptions->errorHandler(2, 'include(login.php): Failed to open stream: No such file or directory', 'C:\\laragon\\www\\E-BookMO\\app\\Views\\Home\\include\\header.php', 2)
 2 APPPATH\Views\Home\include\header.php(2): include()
 3 APPPATH\Views\Home\home.php(38): include('C:\\laragon\\www\\E-BookMO\\app\\Views\\Home\\include\\header.php')
 4 SYSTEMPATH\View\View.php(226): include('C:\\laragon\\www\\E-BookMO\\app\\Views\\Home\\home.php')
 5 SYSTEMPATH\View\View.php(229): CodeIgniter\View\View->CodeIgniter\View\{closure}()
 6 SYSTEMPATH\Common.php(1188): CodeIgniter\View\View->render('Home/home', [], true)
 7 APPPATH\Controllers\ViewController.php(11): view('Home/home')
 8 SYSTEMPATH\CodeIgniter.php(919): App\Controllers\ViewController->home()
 9 SYSTEMPATH\CodeIgniter.php(494): CodeIgniter\CodeIgniter->runController(Object(App\Controllers\ViewController))
10 SYSTEMPATH\CodeIgniter.php(353): CodeIgniter\CodeIgniter->handleRequest(null, Object(Config\Cache), false)
11 FCPATH\index.php(79): CodeIgniter\CodeIgniter->run()
12 SYSTEMPATH\Commands\Server\rewrite.php(47): require_once('C:\\laragon\\www\\E-BookMO\\public\\index.php')
CRITICAL - 2023-11-02 08:59:42 --> include(login.php): Failed to open stream: No such file or directory
in APPPATH\Views\Home\include\header.php on line 2.
 1 APPPATH\Views\Home\include\header.php(2): CodeIgniter\Debug\Exceptions->errorHandler(2, 'include(login.php): Failed to open stream: No such file or directory', 'C:\\laragon\\www\\E-BookMO\\app\\Views\\Home\\include\\header.php', 2)
 2 APPPATH\Views\Home\include\header.php(2): include()
 3 APPPATH\Views\Home\home.php(38): include('C:\\laragon\\www\\E-BookMO\\app\\Views\\Home\\include\\header.php')
 4 SYSTEMPATH\View\View.php(226): include('C:\\laragon\\www\\E-BookMO\\app\\Views\\Home\\home.php')
 5 SYSTEMPATH\View\View.php(229): CodeIgniter\View\View->CodeIgniter\View\{closure}()
 6 SYSTEMPATH\Common.php(1188): CodeIgniter\View\View->render('Home/home', [], true)
 7 APPPATH\Controllers\ViewController.php(11): view('Home/home')
 8 SYSTEMPATH\CodeIgniter.php(919): App\Controllers\ViewController->home()
 9 SYSTEMPATH\CodeIgniter.php(494): CodeIgniter\CodeIgniter->runController(Object(App\Controllers\ViewController))
10 SYSTEMPATH\CodeIgniter.php(353): CodeIgniter\CodeIgniter->handleRequest(null, Object(Config\Cache), false)
11 FCPATH\index.php(79): CodeIgniter\CodeIgniter->run()
12 SYSTEMPATH\Commands\Server\rewrite.php(47): require_once('C:\\laragon\\www\\E-BookMO\\public\\index.php')
CRITICAL - 2023-11-02 08:59:42 --> include(login.php): Failed to open stream: No such file or directory
in APPPATH\Views\Home\include\header.php on line 2.
 1 APPPATH\Views\Home\include\header.php(2): CodeIgniter\Debug\Exceptions->errorHandler(2, 'include(login.php): Failed to open stream: No such file or directory', 'C:\\laragon\\www\\E-BookMO\\app\\Views\\Home\\include\\header.php', 2)
 2 APPPATH\Views\Home\include\header.php(2): include()
 3 APPPATH\Views\Home\home.php(38): include('C:\\laragon\\www\\E-BookMO\\app\\Views\\Home\\include\\header.php')
 4 SYSTEMPATH\View\View.php(226): include('C:\\laragon\\www\\E-BookMO\\app\\Views\\Home\\home.php')
 5 SYSTEMPATH\View\View.php(229): CodeIgniter\View\View->CodeIgniter\View\{closure}()
 6 SYSTEMPATH\Common.php(1188): CodeIgniter\View\View->render('Home/home', [], true)
 7 APPPATH\Controllers\ViewController.php(11): view('Home/home')
 8 SYSTEMPATH\CodeIgniter.php(919): App\Controllers\ViewController->home()
 9 SYSTEMPATH\CodeIgniter.php(494): CodeIgniter\CodeIgniter->runController(Object(App\Controllers\ViewController))
10 SYSTEMPATH\CodeIgniter.php(353): CodeIgniter\CodeIgniter->handleRequest(null, Object(Config\Cache), false)
11 FCPATH\index.php(79): CodeIgniter\CodeIgniter->run()
12 SYSTEMPATH\Commands\Server\rewrite.php(47): require_once('C:\\laragon\\www\\E-BookMO\\public\\index.php')
CRITICAL - 2023-11-02 08:59:43 --> include(login.php): Failed to open stream: No such file or directory
in APPPATH\Views\Home\include\header.php on line 2.
 1 APPPATH\Views\Home\include\header.php(2): CodeIgniter\Debug\Exceptions->errorHandler(2, 'include(login.php): Failed to open stream: No such file or directory', 'C:\\laragon\\www\\E-BookMO\\app\\Views\\Home\\include\\header.php', 2)
 2 APPPATH\Views\Home\include\header.php(2): include()
 3 APPPATH\Views\Home\home.php(38): include('C:\\laragon\\www\\E-BookMO\\app\\Views\\Home\\include\\header.php')
 4 SYSTEMPATH\View\View.php(226): include('C:\\laragon\\www\\E-BookMO\\app\\Views\\Home\\home.php')
 5 SYSTEMPATH\View\View.php(229): CodeIgniter\View\View->CodeIgniter\View\{closure}()
 6 SYSTEMPATH\Common.php(1188): CodeIgniter\View\View->render('Home/home', [], true)
 7 APPPATH\Controllers\ViewController.php(11): view('Home/home')
 8 SYSTEMPATH\CodeIgniter.php(919): App\Controllers\ViewController->home()
 9 SYSTEMPATH\CodeIgniter.php(494): CodeIgniter\CodeIgniter->runController(Object(App\Controllers\ViewController))
10 SYSTEMPATH\CodeIgniter.php(353): CodeIgniter\CodeIgniter->handleRequest(null, Object(Config\Cache), false)
11 FCPATH\index.php(79): CodeIgniter\CodeIgniter->run()
12 SYSTEMPATH\Commands\Server\rewrite.php(47): require_once('C:\\laragon\\www\\E-BookMO\\public\\index.php')
CRITICAL - 2023-11-02 08:59:43 --> include(login.php): Failed to open stream: No such file or directory
in APPPATH\Views\Home\include\header.php on line 2.
 1 APPPATH\Views\Home\include\header.php(2): CodeIgniter\Debug\Exceptions->errorHandler(2, 'include(login.php): Failed to open stream: No such file or directory', 'C:\\laragon\\www\\E-BookMO\\app\\Views\\Home\\include\\header.php', 2)
 2 APPPATH\Views\Home\include\header.php(2): include()
 3 APPPATH\Views\Home\home.php(38): include('C:\\laragon\\www\\E-BookMO\\app\\Views\\Home\\include\\header.php')
 4 SYSTEMPATH\View\View.php(226): include('C:\\laragon\\www\\E-BookMO\\app\\Views\\Home\\home.php')
 5 SYSTEMPATH\View\View.php(229): CodeIgniter\View\View->CodeIgniter\View\{closure}()
 6 SYSTEMPATH\Common.php(1188): CodeIgniter\View\View->render('Home/home', [], true)
 7 APPPATH\Controllers\ViewController.php(11): view('Home/home')
 8 SYSTEMPATH\CodeIgniter.php(919): App\Controllers\ViewController->home()
 9 SYSTEMPATH\CodeIgniter.php(494): CodeIgniter\CodeIgniter->runController(Object(App\Controllers\ViewController))
10 SYSTEMPATH\CodeIgniter.php(353): CodeIgniter\CodeIgniter->handleRequest(null, Object(Config\Cache), false)
11 FCPATH\index.php(79): CodeIgniter\CodeIgniter->run()
12 SYSTEMPATH\Commands\Server\rewrite.php(47): require_once('C:\\laragon\\www\\E-BookMO\\public\\index.php')
CRITICAL - 2023-11-02 09:00:13 --> include(login.php): Failed to open stream: No such file or directory
in APPPATH\Views\Home\include\header.php on line 2.
 1 APPPATH\Views\Home\include\header.php(2): CodeIgniter\Debug\Exceptions->errorHandler(2, 'include(login.php): Failed to open stream: No such file or directory', 'C:\\laragon\\www\\E-BookMO\\app\\Views\\Home\\include\\header.php', 2)
 2 APPPATH\Views\Home\include\header.php(2): include()
 3 APPPATH\Views\Home\home.php(38): include('C:\\laragon\\www\\E-BookMO\\app\\Views\\Home\\include\\header.php')
 4 SYSTEMPATH\View\View.php(226): include('C:\\laragon\\www\\E-BookMO\\app\\Views\\Home\\home.php')
 5 SYSTEMPATH\View\View.php(229): CodeIgniter\View\View->CodeIgniter\View\{closure}()
 6 SYSTEMPATH\Common.php(1188): CodeIgniter\View\View->render('Home/home', [], true)
 7 APPPATH\Controllers\ViewController.php(11): view('Home/home')
 8 SYSTEMPATH\CodeIgniter.php(919): App\Controllers\ViewController->home()
 9 SYSTEMPATH\CodeIgniter.php(494): CodeIgniter\CodeIgniter->runController(Object(App\Controllers\ViewController))
10 SYSTEMPATH\CodeIgniter.php(353): CodeIgniter\CodeIgniter->handleRequest(null, Object(Config\Cache), false)
11 FCPATH\index.php(79): CodeIgniter\CodeIgniter->run()
12 SYSTEMPATH\Commands\Server\rewrite.php(47): require_once('C:\\laragon\\www\\E-BookMO\\public\\index.php')
CRITICAL - 2023-11-02 09:00:14 --> include(login.php): Failed to open stream: No such file or directory
in APPPATH\Views\Home\include\header.php on line 2.
 1 APPPATH\Views\Home\include\header.php(2): CodeIgniter\Debug\Exceptions->errorHandler(2, 'include(login.php): Failed to open stream: No such file or directory', 'C:\\laragon\\www\\E-BookMO\\app\\Views\\Home\\include\\header.php', 2)
 2 APPPATH\Views\Home\include\header.php(2): include()
 3 APPPATH\Views\Home\home.php(38): include('C:\\laragon\\www\\E-BookMO\\app\\Views\\Home\\include\\header.php')
 4 SYSTEMPATH\View\View.php(226): include('C:\\laragon\\www\\E-BookMO\\app\\Views\\Home\\home.php')
 5 SYSTEMPATH\View\View.php(229): CodeIgniter\View\View->CodeIgniter\View\{closure}()
 6 SYSTEMPATH\Common.php(1188): CodeIgniter\View\View->render('Home/home', [], true)
 7 APPPATH\Controllers\ViewController.php(11): view('Home/home')
 8 SYSTEMPATH\CodeIgniter.php(919): App\Controllers\ViewController->home()
 9 SYSTEMPATH\CodeIgniter.php(494): CodeIgniter\CodeIgniter->runController(Object(App\Controllers\ViewController))
10 SYSTEMPATH\CodeIgniter.php(353): CodeIgniter\CodeIgniter->handleRequest(null, Object(Config\Cache), false)
11 FCPATH\index.php(79): CodeIgniter\CodeIgniter->run()
12 SYSTEMPATH\Commands\Server\rewrite.php(47): require_once('C:\\laragon\\www\\E-BookMO\\public\\index.php')
CRITICAL - 2023-11-02 09:00:14 --> include(login.php): Failed to open stream: No such file or directory
in APPPATH\Views\Home\include\header.php on line 2.
 1 APPPATH\Views\Home\include\header.php(2): CodeIgniter\Debug\Exceptions->errorHandler(2, 'include(login.php): Failed to open stream: No such file or directory', 'C:\\laragon\\www\\E-BookMO\\app\\Views\\Home\\include\\header.php', 2)
 2 APPPATH\Views\Home\include\header.php(2): include()
 3 APPPATH\Views\Home\home.php(38): include('C:\\laragon\\www\\E-BookMO\\app\\Views\\Home\\include\\header.php')
 4 SYSTEMPATH\View\View.php(226): include('C:\\laragon\\www\\E-BookMO\\app\\Views\\Home\\home.php')
 5 SYSTEMPATH\View\View.php(229): CodeIgniter\View\View->CodeIgniter\View\{closure}()
 6 SYSTEMPATH\Common.php(1188): CodeIgniter\View\View->render('Home/home', [], true)
 7 APPPATH\Controllers\ViewController.php(11): view('Home/home')
 8 SYSTEMPATH\CodeIgniter.php(919): App\Controllers\ViewController->home()
 9 SYSTEMPATH\CodeIgniter.php(494): CodeIgniter\CodeIgniter->runController(Object(App\Controllers\ViewController))
10 SYSTEMPATH\CodeIgniter.php(353): CodeIgniter\CodeIgniter->handleRequest(null, Object(Config\Cache), false)
11 FCPATH\index.php(79): CodeIgniter\CodeIgniter->run()
12 SYSTEMPATH\Commands\Server\rewrite.php(47): require_once('C:\\laragon\\www\\E-BookMO\\public\\index.php')
CRITICAL - 2023-11-02 09:00:15 --> include(login.php): Failed to open stream: No such file or directory
in APPPATH\Views\Home\include\header.php on line 2.
 1 APPPATH\Views\Home\include\header.php(2): CodeIgniter\Debug\Exceptions->errorHandler(2, 'include(login.php): Failed to open stream: No such file or directory', 'C:\\laragon\\www\\E-BookMO\\app\\Views\\Home\\include\\header.php', 2)
 2 APPPATH\Views\Home\include\header.php(2): include()
 3 APPPATH\Views\Home\home.php(38): include('C:\\laragon\\www\\E-BookMO\\app\\Views\\Home\\include\\header.php')
 4 SYSTEMPATH\View\View.php(226): include('C:\\laragon\\www\\E-BookMO\\app\\Views\\Home\\home.php')
 5 SYSTEMPATH\View\View.php(229): CodeIgniter\View\View->CodeIgniter\View\{closure}()
 6 SYSTEMPATH\Common.php(1188): CodeIgniter\View\View->render('Home/home', [], true)
 7 APPPATH\Controllers\ViewController.php(11): view('Home/home')
 8 SYSTEMPATH\CodeIgniter.php(919): App\Controllers\ViewController->home()
 9 SYSTEMPATH\CodeIgniter.php(494): CodeIgniter\CodeIgniter->runController(Object(App\Controllers\ViewController))
10 SYSTEMPATH\CodeIgniter.php(353): CodeIgniter\CodeIgniter->handleRequest(null, Object(Config\Cache), false)
11 FCPATH\index.php(79): CodeIgniter\CodeIgniter->run()
12 SYSTEMPATH\Commands\Server\rewrite.php(47): require_once('C:\\laragon\\www\\E-BookMO\\public\\index.php')
CRITICAL - 2023-11-02 09:01:16 --> require(login.php): Failed to open stream: No such file or directory
in APPPATH\Views\Home\include\header.php on line 2.
 1 APPPATH\Views\Home\include\header.php(2): CodeIgniter\Debug\Exceptions->errorHandler(2, 'require(login.php): Failed to open stream: No such file or directory', 'C:\\laragon\\www\\E-BookMO\\app\\Views\\Home\\include\\header.php', 2)
 2 APPPATH\Views\Home\include\header.php(2): require()
 3 APPPATH\Views\Home\home.php(38): include('C:\\laragon\\www\\E-BookMO\\app\\Views\\Home\\include\\header.php')
 4 SYSTEMPATH\View\View.php(226): include('C:\\laragon\\www\\E-BookMO\\app\\Views\\Home\\home.php')
 5 SYSTEMPATH\View\View.php(229): CodeIgniter\View\View->CodeIgniter\View\{closure}()
 6 SYSTEMPATH\Common.php(1188): CodeIgniter\View\View->render('Home/home', [], true)
 7 APPPATH\Controllers\ViewController.php(11): view('Home/home')
 8 SYSTEMPATH\CodeIgniter.php(919): App\Controllers\ViewController->home()
 9 SYSTEMPATH\CodeIgniter.php(494): CodeIgniter\CodeIgniter->runController(Object(App\Controllers\ViewController))
10 SYSTEMPATH\CodeIgniter.php(353): CodeIgniter\CodeIgniter->handleRequest(null, Object(Config\Cache), false)
11 FCPATH\index.php(79): CodeIgniter\CodeIgniter->run()
12 SYSTEMPATH\Commands\Server\rewrite.php(47): require_once('C:\\laragon\\www\\E-BookMO\\public\\index.php')
