ERROR - 2023-12-18 19:21:49 --> Error connecting to the database: mysqli_sql_exception: No connection could be made because the target machine actively refused it in C:\Users\RHIGEN ABACA\OneDrive\Desktop\for push\E-BookMO\system\Database\MySQLi\Connection.php:185
Stack trace:
#0 C:\Users\RHIGEN ABACA\OneDrive\Desktop\for push\E-BookMO\system\Database\MySQLi\Connection.php(185): mysqli->real_connect('localhost', 'root', '', 'rentaldb', 3306, '', 0)
#1 C:\Users\RHIGEN ABACA\OneDrive\Desktop\for push\E-BookMO\system\Database\BaseConnection.php(391): CodeIgniter\Database\MySQLi\Connection->connect(false)
#2 C:\Users\RHIGEN ABACA\OneDrive\Desktop\for push\E-BookMO\system\Database\BaseConnection.php(574): CodeIgniter\Database\BaseConnection->initialize()
#3 C:\Users\RHIGEN ABACA\OneDrive\Desktop\for push\E-BookMO\system\Database\BaseBuilder.php(1615): CodeIgniter\Database\BaseConnection->query('SELECT *\nFROM `...', Array, false)
#4 C:\Users\RHIGEN ABACA\OneDrive\Desktop\for push\E-BookMO\system\Model.php(237): CodeIgniter\Database\BaseBuilder->get()
#5 C:\Users\RHIGEN ABACA\OneDrive\Desktop\for push\E-BookMO\system\BaseModel.php(624): CodeIgniter\Model->doFindAll(0, 0)
#6 C:\Users\RHIGEN ABACA\OneDrive\Desktop\for push\E-BookMO\app\Controllers\RoomController.php(28): CodeIgniter\BaseModel->findAll()
#7 C:\Users\RHIGEN ABACA\OneDrive\Desktop\for push\E-BookMO\system\CodeIgniter.php(919): App\Controllers\RoomController->room()
#8 C:\Users\RHIGEN ABACA\OneDrive\Desktop\for push\E-BookMO\system\CodeIgniter.php(494): CodeIgniter\CodeIgniter->runController(Object(App\Controllers\RoomController))
#9 C:\Users\RHIGEN ABACA\OneDrive\Desktop\for push\E-BookMO\system\CodeIgniter.php(353): CodeIgniter\CodeIgniter->handleRequest(NULL, Object(Config\Cache), false)
#10 C:\Users\RHIGEN ABACA\OneDrive\Desktop\for push\E-BookMO\public\index.php(90): CodeIgniter\CodeIgniter->run()
#11 C:\Users\RHIGEN ABACA\OneDrive\Desktop\for push\E-BookMO\system\Commands\Server\rewrite.php(47): require_once('C:\\Users\\RHIGEN...')
#12 {main}

Next CodeIgniter\Database\Exceptions\DatabaseException: No connection could be made because the target machine actively refused it in C:\Users\RHIGEN ABACA\OneDrive\Desktop\for push\E-BookMO\system\Database\MySQLi\Connection.php:229
Stack trace:
#0 C:\Users\RHIGEN ABACA\OneDrive\Desktop\for push\E-BookMO\system\Database\BaseConnection.php(391): CodeIgniter\Database\MySQLi\Connection->connect(false)
#1 C:\Users\RHIGEN ABACA\OneDrive\Desktop\for push\E-BookMO\system\Database\BaseConnection.php(574): CodeIgniter\Database\BaseConnection->initialize()
#2 C:\Users\RHIGEN ABACA\OneDrive\Desktop\for push\E-BookMO\system\Database\BaseBuilder.php(1615): CodeIgniter\Database\BaseConnection->query('SELECT *\nFROM `...', Array, false)
#3 C:\Users\RHIGEN ABACA\OneDrive\Desktop\for push\E-BookMO\system\Model.php(237): CodeIgniter\Database\BaseBuilder->get()
#4 C:\Users\RHIGEN ABACA\OneDrive\Desktop\for push\E-BookMO\system\BaseModel.php(624): CodeIgniter\Model->doFindAll(0, 0)
#5 C:\Users\RHIGEN ABACA\OneDrive\Desktop\for push\E-BookMO\app\Controllers\RoomController.php(28): CodeIgniter\BaseModel->findAll()
#6 C:\Users\RHIGEN ABACA\OneDrive\Desktop\for push\E-BookMO\system\CodeIgniter.php(919): App\Controllers\RoomController->room()
#7 C:\Users\RHIGEN ABACA\OneDrive\Desktop\for push\E-BookMO\system\CodeIgniter.php(494): CodeIgniter\CodeIgniter->runController(Object(App\Controllers\RoomController))
#8 C:\Users\RHIGEN ABACA\OneDrive\Desktop\for push\E-BookMO\system\CodeIgniter.php(353): CodeIgniter\CodeIgniter->handleRequest(NULL, Object(Config\Cache), false)
#9 C:\Users\RHIGEN ABACA\OneDrive\Desktop\for push\E-BookMO\public\index.php(90): CodeIgniter\CodeIgniter->run()
#10 C:\Users\RHIGEN ABACA\OneDrive\Desktop\for push\E-BookMO\system\Commands\Server\rewrite.php(47): require_once('C:\\Users\\RHIGEN...')
#11 {main}
CRITICAL - 2023-12-18 19:21:49 --> Unable to connect to the database.
Main connection [MySQLi]: No connection could be made because the target machine actively refused it
in SYSTEMPATH\Database\BaseConnection.php on line 427.
 1 SYSTEMPATH\Database\BaseConnection.php(574): CodeIgniter\Database\BaseConnection->initialize()
 2 SYSTEMPATH\Database\BaseBuilder.php(1615): CodeIgniter\Database\BaseConnection->query('SELECT *
FROM `room`', [], false)
 3 SYSTEMPATH\Model.php(237): CodeIgniter\Database\BaseBuilder->get()
 4 SYSTEMPATH\BaseModel.php(624): CodeIgniter\Model->doFindAll(0, 0)
 5 APPPATH\Controllers\RoomController.php(28): CodeIgniter\BaseModel->findAll()
 6 SYSTEMPATH\CodeIgniter.php(919): App\Controllers\RoomController->room()
 7 SYSTEMPATH\CodeIgniter.php(494): CodeIgniter\CodeIgniter->runController(Object(App\Controllers\RoomController))
 8 SYSTEMPATH\CodeIgniter.php(353): CodeIgniter\CodeIgniter->handleRequest(null, Object(Config\Cache), false)
 9 FCPATH\index.php(90): CodeIgniter\CodeIgniter->run()
10 SYSTEMPATH\Commands\Server\rewrite.php(47): require_once('C:\\Users\\RHIGEN ABACA\\OneDrive\\Desktop\\for push\\E-BookMO\\public\\index.php')
