ERROR - 2023-12-20 01:29:21 --> mysqli_sql_exception: Column 'Status' cannot be null in C:\laragon\www\E-BookMO\system\Database\MySQLi\Connection.php:306
Stack trace:
#0 C:\laragon\www\E-BookMO\system\Database\MySQLi\Connection.php(306): mysqli->query('INSERT INTO `ro...', 0)
#1 C:\laragon\www\E-BookMO\system\Database\BaseConnection.php(692): CodeIgniter\Database\MySQLi\Connection->execute('INSERT INTO `ro...')
#2 C:\laragon\www\E-BookMO\system\Database\BaseConnection.php(606): CodeIgniter\Database\BaseConnection->simpleQuery('INSERT INTO `ro...')
#3 C:\laragon\www\E-BookMO\system\Database\BaseBuilder.php(2308): CodeIgniter\Database\BaseConnection->query('INSERT INTO `ro...', Array, false)
#4 C:\laragon\www\E-BookMO\system\Model.php(319): CodeIgniter\Database\BaseBuilder->insert()
#5 C:\laragon\www\E-BookMO\system\BaseModel.php(788): CodeIgniter\Model->doInsert(Array)
#6 C:\laragon\www\E-BookMO\system\Model.php(715): CodeIgniter\BaseModel->insert(Array, false)
#7 C:\laragon\www\E-BookMO\system\BaseModel.php(698): CodeIgniter\Model->insert(Array, false)
#8 C:\laragon\www\E-BookMO\app\Controllers\RoomController.php(47): CodeIgniter\BaseModel->save(Array)
#9 C:\laragon\www\E-BookMO\system\CodeIgniter.php(919): App\Controllers\RoomController->insertRoom()
#10 C:\laragon\www\E-BookMO\system\CodeIgniter.php(494): CodeIgniter\CodeIgniter->runController(Object(App\Controllers\RoomController))
#11 C:\laragon\www\E-BookMO\system\CodeIgniter.php(353): CodeIgniter\CodeIgniter->handleRequest(NULL, Object(Config\Cache), false)
#12 C:\laragon\www\E-BookMO\public\index.php(90): CodeIgniter\CodeIgniter->run()
#13 C:\laragon\www\E-BookMO\system\Commands\Server\rewrite.php(47): require_once('C:\\laragon\\www\\...')
#14 {main}
ERROR - 2023-12-20 04:20:13 --> mysqli_sql_exception: Column 'RoomCateg' cannot be null in C:\laragon\www\E-BookMO\system\Database\MySQLi\Connection.php:306
Stack trace:
#0 C:\laragon\www\E-BookMO\system\Database\MySQLi\Connection.php(306): mysqli->query('INSERT INTO `ro...', 0)
#1 C:\laragon\www\E-BookMO\system\Database\BaseConnection.php(692): CodeIgniter\Database\MySQLi\Connection->execute('INSERT INTO `ro...')
#2 C:\laragon\www\E-BookMO\system\Database\BaseConnection.php(606): CodeIgniter\Database\BaseConnection->simpleQuery('INSERT INTO `ro...')
#3 C:\laragon\www\E-BookMO\system\Database\BaseBuilder.php(2308): CodeIgniter\Database\BaseConnection->query('INSERT INTO `ro...', Array, false)
#4 C:\laragon\www\E-BookMO\system\Model.php(319): CodeIgniter\Database\BaseBuilder->insert()
#5 C:\laragon\www\E-BookMO\system\BaseModel.php(788): CodeIgniter\Model->doInsert(Array)
#6 C:\laragon\www\E-BookMO\system\Model.php(715): CodeIgniter\BaseModel->insert(Array, false)
#7 C:\laragon\www\E-BookMO\system\BaseModel.php(698): CodeIgniter\Model->insert(Array, false)
#8 C:\laragon\www\E-BookMO\app\Controllers\RoomController.php(47): CodeIgniter\BaseModel->save(Array)
#9 C:\laragon\www\E-BookMO\system\CodeIgniter.php(919): App\Controllers\RoomController->insertRoom()
#10 C:\laragon\www\E-BookMO\system\CodeIgniter.php(494): CodeIgniter\CodeIgniter->runController(Object(App\Controllers\RoomController))
#11 C:\laragon\www\E-BookMO\system\CodeIgniter.php(353): CodeIgniter\CodeIgniter->handleRequest(NULL, Object(Config\Cache), false)
#12 C:\laragon\www\E-BookMO\public\index.php(90): CodeIgniter\CodeIgniter->run()
#13 C:\laragon\www\E-BookMO\system\Commands\Server\rewrite.php(47): require_once('C:\\laragon\\www\\...')
#14 {main}
ERROR - 2023-12-20 04:21:23 --> mysqli_sql_exception: Column 'RoomCateg' cannot be null in C:\laragon\www\E-BookMO\system\Database\MySQLi\Connection.php:306
Stack trace:
#0 C:\laragon\www\E-BookMO\system\Database\MySQLi\Connection.php(306): mysqli->query('INSERT INTO `ro...', 0)
#1 C:\laragon\www\E-BookMO\system\Database\BaseConnection.php(692): CodeIgniter\Database\MySQLi\Connection->execute('INSERT INTO `ro...')
#2 C:\laragon\www\E-BookMO\system\Database\BaseConnection.php(606): CodeIgniter\Database\BaseConnection->simpleQuery('INSERT INTO `ro...')
#3 C:\laragon\www\E-BookMO\system\Database\BaseBuilder.php(2308): CodeIgniter\Database\BaseConnection->query('INSERT INTO `ro...', Array, false)
#4 C:\laragon\www\E-BookMO\system\Model.php(319): CodeIgniter\Database\BaseBuilder->insert()
#5 C:\laragon\www\E-BookMO\system\BaseModel.php(788): CodeIgniter\Model->doInsert(Array)
#6 C:\laragon\www\E-BookMO\system\Model.php(715): CodeIgniter\BaseModel->insert(Array, false)
#7 C:\laragon\www\E-BookMO\system\BaseModel.php(698): CodeIgniter\Model->insert(Array, false)
#8 C:\laragon\www\E-BookMO\app\Controllers\RoomController.php(47): CodeIgniter\BaseModel->save(Array)
#9 C:\laragon\www\E-BookMO\system\CodeIgniter.php(919): App\Controllers\RoomController->insertRoom()
#10 C:\laragon\www\E-BookMO\system\CodeIgniter.php(494): CodeIgniter\CodeIgniter->runController(Object(App\Controllers\RoomController))
#11 C:\laragon\www\E-BookMO\system\CodeIgniter.php(353): CodeIgniter\CodeIgniter->handleRequest(NULL, Object(Config\Cache), false)
#12 C:\laragon\www\E-BookMO\public\index.php(90): CodeIgniter\CodeIgniter->run()
#13 C:\laragon\www\E-BookMO\system\Commands\Server\rewrite.php(47): require_once('C:\\laragon\\www\\...')
#14 {main}
CRITICAL - 2023-12-20 09:49:29 --> syntax error, unexpected token "}"
in APPPATH\Controllers\ViewController.php on line 13.
 1 SYSTEMPATH\Autoloader\Autoloader.php(285): CodeIgniter\Autoloader\Autoloader->includeFile('C:\\laragon\\www\\E-BookMO\\app\\Controllers\\ViewController.php')
 2 SYSTEMPATH\Autoloader\Autoloader.php(263): CodeIgniter\Autoloader\Autoloader->loadInNamespace('App\\Controllers\\ViewController')
 3 [internal function]: CodeIgniter\Autoloader\Autoloader->loadClass('App\\Controllers\\ViewController')
 4 SYSTEMPATH\CodeIgniter.php(877): class_exists('\\App\\Controllers\\ViewController', true)
 5 SYSTEMPATH\CodeIgniter.php(481): CodeIgniter\CodeIgniter->startController()
 6 SYSTEMPATH\CodeIgniter.php(353): CodeIgniter\CodeIgniter->handleRequest(null, Object(Config\Cache), false)
 7 FCPATH\index.php(90): CodeIgniter\CodeIgniter->run()
 8 SYSTEMPATH\Commands\Server\rewrite.php(47): require_once('C:\\laragon\\www\\E-BookMO\\public\\index.php')
ERROR - 2023-12-20 12:04:11 --> mysqli_sql_exception: You have an error in your SQL syntax; check the manual that corresponds to your MySQL server version for the right syntax to use near '*
FROM `room`' at line 1 in C:\laragon\www\E-BookMO\system\Database\MySQLi\Connection.php:306
Stack trace:
#0 C:\laragon\www\E-BookMO\system\Database\MySQLi\Connection.php(306): mysqli->query('SELECT COUNT(*)...', 0)
#1 C:\laragon\www\E-BookMO\system\Database\BaseConnection.php(692): CodeIgniter\Database\MySQLi\Connection->execute('SELECT COUNT(*)...')
#2 C:\laragon\www\E-BookMO\system\Database\BaseConnection.php(606): CodeIgniter\Database\BaseConnection->simpleQuery('SELECT COUNT(*)...')
#3 C:\laragon\www\E-BookMO\system\Database\BaseBuilder.php(1615): CodeIgniter\Database\BaseConnection->query('SELECT COUNT(*)...', Array, false)
#4 C:\laragon\www\E-BookMO\system\Model.php(871): CodeIgniter\Database\BaseBuilder->get()
#5 C:\laragon\www\E-BookMO\app\Controllers\ViewController.php(16): CodeIgniter\Model->__call('get', Array)
#6 C:\laragon\www\E-BookMO\system\CodeIgniter.php(919): App\Controllers\ViewController->roomCount()
#7 C:\laragon\www\E-BookMO\system\CodeIgniter.php(494): CodeIgniter\CodeIgniter->runController(Object(App\Controllers\ViewController))
#8 C:\laragon\www\E-BookMO\system\CodeIgniter.php(353): CodeIgniter\CodeIgniter->handleRequest(NULL, Object(Config\Cache), false)
#9 C:\laragon\www\E-BookMO\public\index.php(90): CodeIgniter\CodeIgniter->run()
#10 C:\laragon\www\E-BookMO\system\Commands\Server\rewrite.php(47): require_once('C:\\laragon\\www\\...')
#11 {main}
CRITICAL - 2023-12-20 12:04:11 --> You have an error in your SQL syntax; check the manual that corresponds to your MySQL server version for the right syntax to use near '*
FROM `room`' at line 1
in SYSTEMPATH\Database\BaseConnection.php on line 646.
 1 SYSTEMPATH\Database\BaseBuilder.php(1615): CodeIgniter\Database\BaseConnection->query('SELECT COUNT(*) AS *
FROM `room`', [], false)
 2 SYSTEMPATH\Model.php(871): CodeIgniter\Database\BaseBuilder->get()
 3 APPPATH\Controllers\ViewController.php(16): CodeIgniter\Model->__call('get', [])
 4 SYSTEMPATH\CodeIgniter.php(919): App\Controllers\ViewController->roomCount()
 5 SYSTEMPATH\CodeIgniter.php(494): CodeIgniter\CodeIgniter->runController(Object(App\Controllers\ViewController))
 6 SYSTEMPATH\CodeIgniter.php(353): CodeIgniter\CodeIgniter->handleRequest(null, Object(Config\Cache), false)
 7 FCPATH\index.php(90): CodeIgniter\CodeIgniter->run()
 8 SYSTEMPATH\Commands\Server\rewrite.php(47): require_once('C:\\laragon\\www\\E-BookMO\\public\\index.php')
CRITICAL - 2023-12-20 12:04:53 --> Empty statement is given for the field "Select"
in SYSTEMPATH\Database\BaseBuilder.php on line 511.
 1 SYSTEMPATH\Database\BaseBuilder.php(511): CodeIgniter\Database\Exceptions\DataException::forEmptyInputGiven('Select')
 2 SYSTEMPATH\Database\BaseBuilder.php(482): CodeIgniter\Database\BaseBuilder->maxMinAvgSum('', '', 'COUNT')
 3 SYSTEMPATH\Model.php(871): CodeIgniter\Database\BaseBuilder->selectCount()
 4 APPPATH\Controllers\ViewController.php(16): CodeIgniter\Model->__call('selectCount', [])
 5 SYSTEMPATH\CodeIgniter.php(919): App\Controllers\ViewController->roomCount()
 6 SYSTEMPATH\CodeIgniter.php(494): CodeIgniter\CodeIgniter->runController(Object(App\Controllers\ViewController))
 7 SYSTEMPATH\CodeIgniter.php(353): CodeIgniter\CodeIgniter->handleRequest(null, Object(Config\Cache), false)
 8 FCPATH\index.php(90): CodeIgniter\CodeIgniter->run()
 9 SYSTEMPATH\Commands\Server\rewrite.php(47): require_once('C:\\laragon\\www\\E-BookMO\\public\\index.php')
CRITICAL - 2023-12-20 12:04:55 --> Empty statement is given for the field "Select"
in SYSTEMPATH\Database\BaseBuilder.php on line 511.
 1 SYSTEMPATH\Database\BaseBuilder.php(511): CodeIgniter\Database\Exceptions\DataException::forEmptyInputGiven('Select')
 2 SYSTEMPATH\Database\BaseBuilder.php(482): CodeIgniter\Database\BaseBuilder->maxMinAvgSum('', '', 'COUNT')
 3 SYSTEMPATH\Model.php(871): CodeIgniter\Database\BaseBuilder->selectCount()
 4 APPPATH\Controllers\ViewController.php(16): CodeIgniter\Model->__call('selectCount', [])
 5 SYSTEMPATH\CodeIgniter.php(919): App\Controllers\ViewController->roomCount()
 6 SYSTEMPATH\CodeIgniter.php(494): CodeIgniter\CodeIgniter->runController(Object(App\Controllers\ViewController))
 7 SYSTEMPATH\CodeIgniter.php(353): CodeIgniter\CodeIgniter->handleRequest(null, Object(Config\Cache), false)
 8 FCPATH\index.php(90): CodeIgniter\CodeIgniter->run()
 9 SYSTEMPATH\Commands\Server\rewrite.php(47): require_once('C:\\laragon\\www\\E-BookMO\\public\\index.php')
CRITICAL - 2023-12-20 12:50:11 --> Call to undefined method App\Models\RoomModel::count
in SYSTEMPATH\Model.php on line 873.
 1 APPPATH\Controllers\ViewController.php(16): CodeIgniter\Model->__call('count', [])
 2 SYSTEMPATH\CodeIgniter.php(919): App\Controllers\ViewController->roomCount()
 3 SYSTEMPATH\CodeIgniter.php(494): CodeIgniter\CodeIgniter->runController(Object(App\Controllers\ViewController))
 4 SYSTEMPATH\CodeIgniter.php(353): CodeIgniter\CodeIgniter->handleRequest(null, Object(Config\Cache), false)
 5 FCPATH\index.php(90): CodeIgniter\CodeIgniter->run()
 6 SYSTEMPATH\Commands\Server\rewrite.php(47): require_once('C:\\laragon\\www\\E-BookMO\\public\\index.php')
ERROR - 2023-12-20 13:02:53 --> mysqli_sql_exception: Unknown column 'Unvailable' in 'field list' in C:\laragon\www\E-BookMO\system\Database\MySQLi\Connection.php:306
Stack trace:
#0 C:\laragon\www\E-BookMO\system\Database\MySQLi\Connection.php(306): mysqli->query('SELECT Count(Un...', 0)
#1 C:\laragon\www\E-BookMO\system\Database\BaseConnection.php(692): CodeIgniter\Database\MySQLi\Connection->execute('SELECT Count(Un...')
#2 C:\laragon\www\E-BookMO\system\Database\BaseConnection.php(606): CodeIgniter\Database\BaseConnection->simpleQuery('SELECT Count(Un...')
#3 C:\laragon\www\E-BookMO\system\Database\BaseBuilder.php(1615): CodeIgniter\Database\BaseConnection->query('SELECT Count(Un...', Array, false)
#4 C:\laragon\www\E-BookMO\system\Model.php(237): CodeIgniter\Database\BaseBuilder->get()
#5 C:\laragon\www\E-BookMO\system\BaseModel.php(624): CodeIgniter\Model->doFindAll(0, 0)
#6 C:\laragon\www\E-BookMO\app\Controllers\ViewController.php(27): CodeIgniter\BaseModel->findAll()
#7 C:\laragon\www\E-BookMO\system\CodeIgniter.php(919): App\Controllers\ViewController->countUnrooms()
#8 C:\laragon\www\E-BookMO\system\CodeIgniter.php(494): CodeIgniter\CodeIgniter->runController(Object(App\Controllers\ViewController))
#9 C:\laragon\www\E-BookMO\system\CodeIgniter.php(353): CodeIgniter\CodeIgniter->handleRequest(NULL, Object(Config\Cache), false)
#10 C:\laragon\www\E-BookMO\public\index.php(90): CodeIgniter\CodeIgniter->run()
#11 C:\laragon\www\E-BookMO\system\Commands\Server\rewrite.php(47): require_once('C:\\laragon\\www\\...')
#12 {main}
CRITICAL - 2023-12-20 13:02:53 --> Unknown column 'Unvailable' in 'field list'
in SYSTEMPATH\Database\BaseConnection.php on line 646.
 1 SYSTEMPATH\Database\BaseBuilder.php(1615): CodeIgniter\Database\BaseConnection->query('SELECT Count(Unvailable) as unvailable
FROM `room`
WHERE `Status` = :Status:', [...], false)
 2 SYSTEMPATH\Model.php(237): CodeIgniter\Database\BaseBuilder->get()
 3 SYSTEMPATH\BaseModel.php(624): CodeIgniter\Model->doFindAll(0, 0)
 4 APPPATH\Controllers\ViewController.php(27): CodeIgniter\BaseModel->findAll()
 5 SYSTEMPATH\CodeIgniter.php(919): App\Controllers\ViewController->countUnrooms()
 6 SYSTEMPATH\CodeIgniter.php(494): CodeIgniter\CodeIgniter->runController(Object(App\Controllers\ViewController))
 7 SYSTEMPATH\CodeIgniter.php(353): CodeIgniter\CodeIgniter->handleRequest(null, Object(Config\Cache), false)
 8 FCPATH\index.php(90): CodeIgniter\CodeIgniter->run()
 9 SYSTEMPATH\Commands\Server\rewrite.php(47): require_once('C:\\laragon\\www\\E-BookMO\\public\\index.php')
ERROR - 2023-12-20 13:02:54 --> mysqli_sql_exception: Unknown column 'Unvailable' in 'field list' in C:\laragon\www\E-BookMO\system\Database\MySQLi\Connection.php:306
Stack trace:
#0 C:\laragon\www\E-BookMO\system\Database\MySQLi\Connection.php(306): mysqli->query('SELECT Count(Un...', 0)
#1 C:\laragon\www\E-BookMO\system\Database\BaseConnection.php(692): CodeIgniter\Database\MySQLi\Connection->execute('SELECT Count(Un...')
#2 C:\laragon\www\E-BookMO\system\Database\BaseConnection.php(606): CodeIgniter\Database\BaseConnection->simpleQuery('SELECT Count(Un...')
#3 C:\laragon\www\E-BookMO\system\Database\BaseBuilder.php(1615): CodeIgniter\Database\BaseConnection->query('SELECT Count(Un...', Array, false)
#4 C:\laragon\www\E-BookMO\system\Model.php(237): CodeIgniter\Database\BaseBuilder->get()
#5 C:\laragon\www\E-BookMO\system\BaseModel.php(624): CodeIgniter\Model->doFindAll(0, 0)
#6 C:\laragon\www\E-BookMO\app\Controllers\ViewController.php(27): CodeIgniter\BaseModel->findAll()
#7 C:\laragon\www\E-BookMO\system\CodeIgniter.php(919): App\Controllers\ViewController->countUnrooms()
#8 C:\laragon\www\E-BookMO\system\CodeIgniter.php(494): CodeIgniter\CodeIgniter->runController(Object(App\Controllers\ViewController))
#9 C:\laragon\www\E-BookMO\system\CodeIgniter.php(353): CodeIgniter\CodeIgniter->handleRequest(NULL, Object(Config\Cache), false)
#10 C:\laragon\www\E-BookMO\public\index.php(90): CodeIgniter\CodeIgniter->run()
#11 C:\laragon\www\E-BookMO\system\Commands\Server\rewrite.php(47): require_once('C:\\laragon\\www\\...')
#12 {main}
CRITICAL - 2023-12-20 13:02:54 --> Unknown column 'Unvailable' in 'field list'
in SYSTEMPATH\Database\BaseConnection.php on line 646.
 1 SYSTEMPATH\Database\BaseBuilder.php(1615): CodeIgniter\Database\BaseConnection->query('SELECT Count(Unvailable) as unvailable
FROM `room`
WHERE `Status` = :Status:', [...], false)
 2 SYSTEMPATH\Model.php(237): CodeIgniter\Database\BaseBuilder->get()
 3 SYSTEMPATH\BaseModel.php(624): CodeIgniter\Model->doFindAll(0, 0)
 4 APPPATH\Controllers\ViewController.php(27): CodeIgniter\BaseModel->findAll()
 5 SYSTEMPATH\CodeIgniter.php(919): App\Controllers\ViewController->countUnrooms()
 6 SYSTEMPATH\CodeIgniter.php(494): CodeIgniter\CodeIgniter->runController(Object(App\Controllers\ViewController))
 7 SYSTEMPATH\CodeIgniter.php(353): CodeIgniter\CodeIgniter->handleRequest(null, Object(Config\Cache), false)
 8 FCPATH\index.php(90): CodeIgniter\CodeIgniter->run()
 9 SYSTEMPATH\Commands\Server\rewrite.php(47): require_once('C:\\laragon\\www\\E-BookMO\\public\\index.php')
CRITICAL - 2023-12-20 14:13:49 --> syntax error, unexpected token "}"
in APPPATH\Controllers\RoomController.php on line 32.
 1 SYSTEMPATH\Autoloader\Autoloader.php(285): CodeIgniter\Autoloader\Autoloader->includeFile('C:\\laragon\\www\\E-BookMO\\app\\Controllers\\RoomController.php')
 2 SYSTEMPATH\Autoloader\Autoloader.php(263): CodeIgniter\Autoloader\Autoloader->loadInNamespace('App\\Controllers\\RoomController')
 3 [internal function]: CodeIgniter\Autoloader\Autoloader->loadClass('App\\Controllers\\RoomController')
 4 SYSTEMPATH\CodeIgniter.php(877): class_exists('\\App\\Controllers\\RoomController', true)
 5 SYSTEMPATH\CodeIgniter.php(481): CodeIgniter\CodeIgniter->startController()
 6 SYSTEMPATH\CodeIgniter.php(353): CodeIgniter\CodeIgniter->handleRequest(null, Object(Config\Cache), false)
 7 FCPATH\index.php(90): CodeIgniter\CodeIgniter->run()
 8 SYSTEMPATH\Commands\Server\rewrite.php(47): require_once('C:\\laragon\\www\\E-BookMO\\public\\index.php')
CRITICAL - 2023-12-20 14:13:52 --> syntax error, unexpected token "}"
in APPPATH\Controllers\RoomController.php on line 32.
 1 SYSTEMPATH\Autoloader\Autoloader.php(285): CodeIgniter\Autoloader\Autoloader->includeFile('C:\\laragon\\www\\E-BookMO\\app\\Controllers\\RoomController.php')
 2 SYSTEMPATH\Autoloader\Autoloader.php(263): CodeIgniter\Autoloader\Autoloader->loadInNamespace('App\\Controllers\\RoomController')
 3 [internal function]: CodeIgniter\Autoloader\Autoloader->loadClass('App\\Controllers\\RoomController')
 4 SYSTEMPATH\CodeIgniter.php(877): class_exists('\\App\\Controllers\\RoomController', true)
 5 SYSTEMPATH\CodeIgniter.php(481): CodeIgniter\CodeIgniter->startController()
 6 SYSTEMPATH\CodeIgniter.php(353): CodeIgniter\CodeIgniter->handleRequest(null, Object(Config\Cache), false)
 7 FCPATH\index.php(90): CodeIgniter\CodeIgniter->run()
 8 SYSTEMPATH\Commands\Server\rewrite.php(47): require_once('C:\\laragon\\www\\E-BookMO\\public\\index.php')
CRITICAL - 2023-12-20 14:14:00 --> syntax error, unexpected token "}"
in APPPATH\Controllers\RoomController.php on line 32.
 1 SYSTEMPATH\Autoloader\Autoloader.php(285): CodeIgniter\Autoloader\Autoloader->includeFile('C:\\laragon\\www\\E-BookMO\\app\\Controllers\\RoomController.php')
 2 SYSTEMPATH\Autoloader\Autoloader.php(263): CodeIgniter\Autoloader\Autoloader->loadInNamespace('App\\Controllers\\RoomController')
 3 [internal function]: CodeIgniter\Autoloader\Autoloader->loadClass('App\\Controllers\\RoomController')
 4 SYSTEMPATH\CodeIgniter.php(877): class_exists('\\App\\Controllers\\RoomController', true)
 5 SYSTEMPATH\CodeIgniter.php(481): CodeIgniter\CodeIgniter->startController()
 6 SYSTEMPATH\CodeIgniter.php(353): CodeIgniter\CodeIgniter->handleRequest(null, Object(Config\Cache), false)
 7 FCPATH\index.php(90): CodeIgniter\CodeIgniter->run()
 8 SYSTEMPATH\Commands\Server\rewrite.php(47): require_once('C:\\laragon\\www\\E-BookMO\\public\\index.php')
ERROR - 2023-12-20 14:45:27 --> Error connecting to the database: mysqli_sql_exception: No connection could be made because the target machine actively refused it in C:\laragon\www\E-BookMO\system\Database\MySQLi\Connection.php:185
Stack trace:
#0 C:\laragon\www\E-BookMO\system\Database\MySQLi\Connection.php(185): mysqli->real_connect('localhost', 'root', '', 'rentaldb', 3306, '', 0)
#1 C:\laragon\www\E-BookMO\system\Database\BaseConnection.php(391): CodeIgniter\Database\MySQLi\Connection->connect(false)
#2 C:\laragon\www\E-BookMO\system\Database\BaseConnection.php(574): CodeIgniter\Database\BaseConnection->initialize()
#3 C:\laragon\www\E-BookMO\system\Database\BaseBuilder.php(1644): CodeIgniter\Database\BaseConnection->query('SELECT COUNT(*)...', NULL, false)
#4 C:\laragon\www\E-BookMO\system\Model.php(871): CodeIgniter\Database\BaseBuilder->countAll()
#5 C:\laragon\www\E-BookMO\app\Controllers\ViewController.php(16): CodeIgniter\Model->__call('countAll', Array)
#6 C:\laragon\www\E-BookMO\system\CodeIgniter.php(919): App\Controllers\ViewController->roomCount()
#7 C:\laragon\www\E-BookMO\system\CodeIgniter.php(494): CodeIgniter\CodeIgniter->runController(Object(App\Controllers\ViewController))
#8 C:\laragon\www\E-BookMO\system\CodeIgniter.php(353): CodeIgniter\CodeIgniter->handleRequest(NULL, Object(Config\Cache), false)
#9 C:\laragon\www\E-BookMO\public\index.php(90): CodeIgniter\CodeIgniter->run()
#10 C:\laragon\www\E-BookMO\system\Commands\Server\rewrite.php(47): require_once('C:\\laragon\\www\\...')
#11 {main}

Next CodeIgniter\Database\Exceptions\DatabaseException: No connection could be made because the target machine actively refused it in C:\laragon\www\E-BookMO\system\Database\MySQLi\Connection.php:229
Stack trace:
#0 C:\laragon\www\E-BookMO\system\Database\BaseConnection.php(391): CodeIgniter\Database\MySQLi\Connection->connect(false)
#1 C:\laragon\www\E-BookMO\system\Database\BaseConnection.php(574): CodeIgniter\Database\BaseConnection->initialize()
#2 C:\laragon\www\E-BookMO\system\Database\BaseBuilder.php(1644): CodeIgniter\Database\BaseConnection->query('SELECT COUNT(*)...', NULL, false)
#3 C:\laragon\www\E-BookMO\system\Model.php(871): CodeIgniter\Database\BaseBuilder->countAll()
#4 C:\laragon\www\E-BookMO\app\Controllers\ViewController.php(16): CodeIgniter\Model->__call('countAll', Array)
#5 C:\laragon\www\E-BookMO\system\CodeIgniter.php(919): App\Controllers\ViewController->roomCount()
#6 C:\laragon\www\E-BookMO\system\CodeIgniter.php(494): CodeIgniter\CodeIgniter->runController(Object(App\Controllers\ViewController))
#7 C:\laragon\www\E-BookMO\system\CodeIgniter.php(353): CodeIgniter\CodeIgniter->handleRequest(NULL, Object(Config\Cache), false)
#8 C:\laragon\www\E-BookMO\public\index.php(90): CodeIgniter\CodeIgniter->run()
#9 C:\laragon\www\E-BookMO\system\Commands\Server\rewrite.php(47): require_once('C:\\laragon\\www\\...')
#10 {main}
CRITICAL - 2023-12-20 14:45:27 --> Unable to connect to the database.
Main connection [MySQLi]: No connection could be made because the target machine actively refused it
in SYSTEMPATH\Database\BaseConnection.php on line 427.
 1 SYSTEMPATH\Database\BaseConnection.php(574): CodeIgniter\Database\BaseConnection->initialize()
 2 SYSTEMPATH\Database\BaseBuilder.php(1644): CodeIgniter\Database\BaseConnection->query('SELECT COUNT(*) AS `numrows` FROM `room`', null, false)
 3 SYSTEMPATH\Model.php(871): CodeIgniter\Database\BaseBuilder->countAll()
 4 APPPATH\Controllers\ViewController.php(16): CodeIgniter\Model->__call('countAll', [])
 5 SYSTEMPATH\CodeIgniter.php(919): App\Controllers\ViewController->roomCount()
 6 SYSTEMPATH\CodeIgniter.php(494): CodeIgniter\CodeIgniter->runController(Object(App\Controllers\ViewController))
 7 SYSTEMPATH\CodeIgniter.php(353): CodeIgniter\CodeIgniter->handleRequest(null, Object(Config\Cache), false)
 8 FCPATH\index.php(90): CodeIgniter\CodeIgniter->run()
 9 SYSTEMPATH\Commands\Server\rewrite.php(47): require_once('C:\\laragon\\www\\E-BookMO\\public\\index.php')
