CRITICAL - 2023-11-15 06:33:49 --> Invalid file: "/dash.php"
in SYSTEMPATH\Exceptions\FrameworkException.php on line 39.
 1 SYSTEMPATH\View\View.php(214): CodeIgniter\Exceptions\FrameworkException::forInvalidFile('/dash.php')
 2 SYSTEMPATH\Common.php(1188): CodeIgniter\View\View->render('/dash', [], true)
 3 APPPATH\Controllers\AdminViewController.php(16): view('/dash')
 4 SYSTEMPATH\CodeIgniter.php(919): App\Controllers\AdminViewController->dashboard()
 5 SYSTEMPATH\CodeIgniter.php(494): CodeIgniter\CodeIgniter->runController(Object(App\Controllers\AdminViewController))
 6 SYSTEMPATH\CodeIgniter.php(353): CodeIgniter\CodeIgniter->handleRequest(null, Object(Config\Cache), false)
 7 FCPATH\index.php(79): CodeIgniter\CodeIgniter->run()
 8 SYSTEMPATH\Commands\Server\rewrite.php(47): require_once('C:\\laragon\\www\\E-BookMO\\public\\index.php')
CRITICAL - 2023-11-15 14:22:43 --> Invalid file: "/dash.php"
in SYSTEMPATH\Exceptions\FrameworkException.php on line 39.
 1 SYSTEMPATH\View\View.php(214): CodeIgniter\Exceptions\FrameworkException::forInvalidFile('/dash.php')
 2 SYSTEMPATH\Common.php(1188): CodeIgniter\View\View->render('/dash', [], true)
 3 APPPATH\Controllers\AdminViewController.php(16): view('/dash')
 4 SYSTEMPATH\CodeIgniter.php(919): App\Controllers\AdminViewController->dashboard()
 5 SYSTEMPATH\CodeIgniter.php(494): CodeIgniter\CodeIgniter->runController(Object(App\Controllers\AdminViewController))
 6 SYSTEMPATH\CodeIgniter.php(353): CodeIgniter\CodeIgniter->handleRequest(null, Object(Config\Cache), false)
 7 FCPATH\index.php(79): CodeIgniter\CodeIgniter->run()
 8 SYSTEMPATH\Commands\Server\rewrite.php(47): require_once('C:\\laragon\\www\\E-BookMO\\public\\index.php')
CRITICAL - 2023-11-15 14:22:45 --> Invalid file: "/booked.php"
in SYSTEMPATH\Exceptions\FrameworkException.php on line 39.
 1 SYSTEMPATH\View\View.php(214): CodeIgniter\Exceptions\FrameworkException::forInvalidFile('/booked.php')
 2 SYSTEMPATH\Common.php(1188): CodeIgniter\View\View->render('/booked', [], true)
 3 APPPATH\Controllers\AdminViewController.php(21): view('/booked')
 4 SYSTEMPATH\CodeIgniter.php(919): App\Controllers\AdminViewController->booking()
 5 SYSTEMPATH\CodeIgniter.php(494): CodeIgniter\CodeIgniter->runController(Object(App\Controllers\AdminViewController))
 6 SYSTEMPATH\CodeIgniter.php(353): CodeIgniter\CodeIgniter->handleRequest(null, Object(Config\Cache), false)
 7 FCPATH\index.php(79): CodeIgniter\CodeIgniter->run()
 8 SYSTEMPATH\Commands\Server\rewrite.php(47): require_once('C:\\laragon\\www\\E-BookMO\\public\\index.php')
CRITICAL - 2023-11-15 14:23:14 --> Invalid file: "/check_out.php"
in SYSTEMPATH\Exceptions\FrameworkException.php on line 39.
 1 SYSTEMPATH\View\View.php(214): CodeIgniter\Exceptions\FrameworkException::forInvalidFile('/check_out.php')
 2 SYSTEMPATH\Common.php(1188): CodeIgniter\View\View->render('/check_out', [], true)
 3 APPPATH\Controllers\AdminViewController.php(31): view('/check_out')
 4 SYSTEMPATH\CodeIgniter.php(919): App\Controllers\AdminViewController->check_out()
 5 SYSTEMPATH\CodeIgniter.php(494): CodeIgniter\CodeIgniter->runController(Object(App\Controllers\AdminViewController))
 6 SYSTEMPATH\CodeIgniter.php(353): CodeIgniter\CodeIgniter->handleRequest(null, Object(Config\Cache), false)
 7 FCPATH\index.php(79): CodeIgniter\CodeIgniter->run()
 8 SYSTEMPATH\Commands\Server\rewrite.php(47): require_once('C:\\laragon\\www\\E-BookMO\\public\\index.php')
CRITICAL - 2023-11-15 14:32:01 --> Invalid file: "/dash.php"
in SYSTEMPATH\Exceptions\FrameworkException.php on line 39.
 1 SYSTEMPATH\View\View.php(214): CodeIgniter\Exceptions\FrameworkException::forInvalidFile('/dash.php')
 2 SYSTEMPATH\Common.php(1188): CodeIgniter\View\View->render('/dash', [], true)
 3 APPPATH\Controllers\AdminViewController.php(16): view('/dash')
 4 SYSTEMPATH\CodeIgniter.php(919): App\Controllers\AdminViewController->dashboard()
 5 SYSTEMPATH\CodeIgniter.php(494): CodeIgniter\CodeIgniter->runController(Object(App\Controllers\AdminViewController))
 6 SYSTEMPATH\CodeIgniter.php(353): CodeIgniter\CodeIgniter->handleRequest(null, Object(Config\Cache), false)
 7 FCPATH\index.php(79): CodeIgniter\CodeIgniter->run()
 8 SYSTEMPATH\Commands\Server\rewrite.php(47): require_once('C:\\laragon\\www\\E-BookMO\\public\\index.php')
CRITICAL - 2023-11-15 14:39:30 --> Invalid file: "/site_set.php"
in SYSTEMPATH\Exceptions\FrameworkException.php on line 39.
 1 SYSTEMPATH\View\View.php(214): CodeIgniter\Exceptions\FrameworkException::forInvalidFile('/site_set.php')
 2 SYSTEMPATH\Common.php(1188): CodeIgniter\View\View->render('/site_set', [], true)
 3 APPPATH\Controllers\AdminViewController.php(51): view('/site_set')
 4 SYSTEMPATH\CodeIgniter.php(919): App\Controllers\AdminViewController->site_settings()
 5 SYSTEMPATH\CodeIgniter.php(494): CodeIgniter\CodeIgniter->runController(Object(App\Controllers\AdminViewController))
 6 SYSTEMPATH\CodeIgniter.php(353): CodeIgniter\CodeIgniter->handleRequest(null, Object(Config\Cache), false)
 7 FCPATH\index.php(79): CodeIgniter\CodeIgniter->run()
 8 SYSTEMPATH\Commands\Server\rewrite.php(47): require_once('C:\\laragon\\www\\E-BookMO\\public\\index.php')
