CRITICAL - 2023-12-21 03:33:43 --> Call to undefined method App\Models\UserModel::fintAll
in SYSTEMPATH\Model.php on line 873.
 1 APPPATH\Controllers\SignupController.php(62): CodeIgniter\Model->__call('fintAll', [])
 2 SYSTEMPATH\CodeIgniter.php(919): App\Controllers\SignupController->user()
 3 SYSTEMPATH\CodeIgniter.php(494): CodeIgniter\CodeIgniter->runController(Object(App\Controllers\SignupController))
 4 SYSTEMPATH\CodeIgniter.php(353): CodeIgniter\CodeIgniter->handleRequest(null, Object(Config\Cache), false)
 5 FCPATH\index.php(90): CodeIgniter\CodeIgniter->run()
 6 SYSTEMPATH\Commands\Server\rewrite.php(47): require_once('C:\\Users\\RHIGEN ABACA\\OneDrive\\Desktop\\FINALS\\E-BookMO\\public\\index.php')
CRITICAL - 2023-12-21 03:35:20 --> Too few arguments to function App\Controllers\SignupController::user(), 0 passed in C:\Users\RHIGEN ABACA\OneDrive\Desktop\FINALS\E-BookMO\system\CodeIgniter.php on line 919 and exactly 1 expected
in APPPATH\Controllers\SignupController.php on line 60.
 1 SYSTEMPATH\CodeIgniter.php(919): App\Controllers\SignupController->user()
 2 SYSTEMPATH\CodeIgniter.php(494): CodeIgniter\CodeIgniter->runController(Object(App\Controllers\SignupController))
 3 SYSTEMPATH\CodeIgniter.php(353): CodeIgniter\CodeIgniter->handleRequest(null, Object(Config\Cache), false)
 4 FCPATH\index.php(90): CodeIgniter\CodeIgniter->run()
 5 SYSTEMPATH\Commands\Server\rewrite.php(47): require_once('C:\\Users\\RHIGEN ABACA\\OneDrive\\Desktop\\FINALS\\E-BookMO\\public\\index.php')
CRITICAL - 2023-12-21 03:35:52 --> Too few arguments to function App\Controllers\SignupController::user(), 0 passed in C:\Users\RHIGEN ABACA\OneDrive\Desktop\FINALS\E-BookMO\system\CodeIgniter.php on line 919 and exactly 1 expected
in APPPATH\Controllers\SignupController.php on line 60.
 1 SYSTEMPATH\CodeIgniter.php(919): App\Controllers\SignupController->user()
 2 SYSTEMPATH\CodeIgniter.php(494): CodeIgniter\CodeIgniter->runController(Object(App\Controllers\SignupController))
 3 SYSTEMPATH\CodeIgniter.php(353): CodeIgniter\CodeIgniter->handleRequest(null, Object(Config\Cache), false)
 4 FCPATH\index.php(90): CodeIgniter\CodeIgniter->run()
 5 SYSTEMPATH\Commands\Server\rewrite.php(47): require_once('C:\\Users\\RHIGEN ABACA\\OneDrive\\Desktop\\FINALS\\E-BookMO\\public\\index.php')
CRITICAL - 2023-12-21 03:35:53 --> Too few arguments to function App\Controllers\SignupController::user(), 0 passed in C:\Users\RHIGEN ABACA\OneDrive\Desktop\FINALS\E-BookMO\system\CodeIgniter.php on line 919 and exactly 1 expected
in APPPATH\Controllers\SignupController.php on line 60.
 1 SYSTEMPATH\CodeIgniter.php(919): App\Controllers\SignupController->user()
 2 SYSTEMPATH\CodeIgniter.php(494): CodeIgniter\CodeIgniter->runController(Object(App\Controllers\SignupController))
 3 SYSTEMPATH\CodeIgniter.php(353): CodeIgniter\CodeIgniter->handleRequest(null, Object(Config\Cache), false)
 4 FCPATH\index.php(90): CodeIgniter\CodeIgniter->run()
 5 SYSTEMPATH\Commands\Server\rewrite.php(47): require_once('C:\\Users\\RHIGEN ABACA\\OneDrive\\Desktop\\FINALS\\E-BookMO\\public\\index.php')
CRITICAL - 2023-12-21 03:35:53 --> Too few arguments to function App\Controllers\SignupController::user(), 0 passed in C:\Users\RHIGEN ABACA\OneDrive\Desktop\FINALS\E-BookMO\system\CodeIgniter.php on line 919 and exactly 1 expected
in APPPATH\Controllers\SignupController.php on line 60.
 1 SYSTEMPATH\CodeIgniter.php(919): App\Controllers\SignupController->user()
 2 SYSTEMPATH\CodeIgniter.php(494): CodeIgniter\CodeIgniter->runController(Object(App\Controllers\SignupController))
 3 SYSTEMPATH\CodeIgniter.php(353): CodeIgniter\CodeIgniter->handleRequest(null, Object(Config\Cache), false)
 4 FCPATH\index.php(90): CodeIgniter\CodeIgniter->run()
 5 SYSTEMPATH\Commands\Server\rewrite.php(47): require_once('C:\\Users\\RHIGEN ABACA\\OneDrive\\Desktop\\FINALS\\E-BookMO\\public\\index.php')
ERROR - 2023-12-21 03:51:41 --> mysqli_sql_exception: You have an error in your SQL syntax; check the manual that corresponds to your MySQL server version for the right syntax to use near 'COUNT(*)
FROM `usertbl`
WHERE `UserID` = '9'' at line 1 in C:\Users\RHIGEN ABACA\OneDrive\Desktop\FINALS\E-BookMO\system\Database\MySQLi\Connection.php:306
Stack trace:
#0 C:\Users\RHIGEN ABACA\OneDrive\Desktop\FINALS\E-BookMO\system\Database\MySQLi\Connection.php(306): mysqli->query('SELECT 'usernam...', 0)
#1 C:\Users\RHIGEN ABACA\OneDrive\Desktop\FINALS\E-BookMO\system\Database\BaseConnection.php(692): CodeIgniter\Database\MySQLi\Connection->execute('SELECT 'usernam...')
#2 C:\Users\RHIGEN ABACA\OneDrive\Desktop\FINALS\E-BookMO\system\Database\BaseConnection.php(606): CodeIgniter\Database\BaseConnection->simpleQuery('SELECT 'usernam...')
#3 C:\Users\RHIGEN ABACA\OneDrive\Desktop\FINALS\E-BookMO\system\Database\BaseBuilder.php(1615): CodeIgniter\Database\BaseConnection->query('SELECT 'usernam...', Array, false)
#4 C:\Users\RHIGEN ABACA\OneDrive\Desktop\FINALS\E-BookMO\system\Model.php(237): CodeIgniter\Database\BaseBuilder->get()
#5 C:\Users\RHIGEN ABACA\OneDrive\Desktop\FINALS\E-BookMO\system\BaseModel.php(624): CodeIgniter\Model->doFindAll(0, 0)
#6 C:\Users\RHIGEN ABACA\OneDrive\Desktop\FINALS\E-BookMO\app\Controllers\SignupController.php(62): CodeIgniter\BaseModel->findAll()
#7 C:\Users\RHIGEN ABACA\OneDrive\Desktop\FINALS\E-BookMO\system\CodeIgniter.php(919): App\Controllers\SignupController->user('9')
#8 C:\Users\RHIGEN ABACA\OneDrive\Desktop\FINALS\E-BookMO\system\CodeIgniter.php(494): CodeIgniter\CodeIgniter->runController(Object(App\Controllers\SignupController))
#9 C:\Users\RHIGEN ABACA\OneDrive\Desktop\FINALS\E-BookMO\system\CodeIgniter.php(353): CodeIgniter\CodeIgniter->handleRequest(NULL, Object(Config\Cache), false)
#10 C:\Users\RHIGEN ABACA\OneDrive\Desktop\FINALS\E-BookMO\public\index.php(90): CodeIgniter\CodeIgniter->run()
#11 C:\Users\RHIGEN ABACA\OneDrive\Desktop\FINALS\E-BookMO\system\Commands\Server\rewrite.php(47): require_once('C:\\Users\\RHIGEN...')
#12 {main}
CRITICAL - 2023-12-21 03:51:41 --> You have an error in your SQL syntax; check the manual that corresponds to your MySQL server version for the right syntax to use near 'COUNT(*)
FROM `usertbl`
WHERE `UserID` = '9'' at line 1
in SYSTEMPATH\Database\BaseConnection.php on line 646.
 1 SYSTEMPATH\Database\BaseBuilder.php(1615): CodeIgniter\Database\BaseConnection->query('SELECT \'username\' COUNT(*)
FROM `usertbl`
WHERE `UserID` = :UserID:', [...], false)
 2 SYSTEMPATH\Model.php(237): CodeIgniter\Database\BaseBuilder->get()
 3 SYSTEMPATH\BaseModel.php(624): CodeIgniter\Model->doFindAll(0, 0)
 4 APPPATH\Controllers\SignupController.php(62): CodeIgniter\BaseModel->findAll()
 5 SYSTEMPATH\CodeIgniter.php(919): App\Controllers\SignupController->user('9')
 6 SYSTEMPATH\CodeIgniter.php(494): CodeIgniter\CodeIgniter->runController(Object(App\Controllers\SignupController))
 7 SYSTEMPATH\CodeIgniter.php(353): CodeIgniter\CodeIgniter->handleRequest(null, Object(Config\Cache), false)
 8 FCPATH\index.php(90): CodeIgniter\CodeIgniter->run()
 9 SYSTEMPATH\Commands\Server\rewrite.php(47): require_once('C:\\Users\\RHIGEN ABACA\\OneDrive\\Desktop\\FINALS\\E-BookMO\\public\\index.php')
